This is pdfTeX, Version 3.141592653-2.6-1.40.26 (TeX Live 2024) (preloaded format=pdflatex 2024.11.8)  30 NOV 2025 19:56
entering extended mode
 restricted \write18 enabled.
 file:line:error style messages enabled.
 %&-line parsing enabled.
**/Users/gabrieltehozol/Documents/GitHub/Mathematical-development-of-chapter-2-of-Monetary-Policy-Inflation-and-the-Business-Cycle/main.tex
(/Users/gabrieltehozol/Documents/GitHub/Mathematical-development-of-chapter-2-of-Monetary-Policy-Inflation-and-the-Business-Cycle/main.tex
LaTeX2e <2024-11-01>
L3 programming layer <2024-11-02>
(/Users/gabrieltehozol/Library/TinyTeX/texmf-dist/tex/latex/base/article.cls
Document Class: article 2024/06/29 v1.4n Standard LaTeX document class
(/Users/gabrieltehozol/Library/TinyTeX/texmf-dist/tex/latex/base/size12.clo
File: size12.clo 2024/06/29 v1.4n Standard LaTeX file (size option)
)
\c@part=\count196
\c@section=\count197
\c@subsection=\count198
\c@subsubsection=\count199
\c@paragraph=\count266
\c@subparagraph=\count267
\c@figure=\count268
\c@table=\count269
\abovecaptionskip=\skip49
\belowcaptionskip=\skip50
\bibindent=\dimen141
) (/Users/gabrieltehozol/Library/TinyTeX/texmf-dist/tex/latex/geometry/geometry.sty
Package: geometry 2020/01/02 v5.9 Page Geometry
 (/Users/gabrieltehozol/Library/TinyTeX/texmf-dist/tex/latex/graphics/keyval.sty
Package: keyval 2022/05/29 v1.15 key=value parser (DPC)
\KV@toks@=\toks17
) (/Users/gabrieltehozol/Library/TinyTeX/texmf-dist/tex/generic/iftex/ifvtex.sty
Package: ifvtex 2019/10/25 v1.7 ifvtex legacy package. Use iftex instead.
 (/Users/gabrieltehozol/Library/TinyTeX/texmf-dist/tex/generic/iftex/iftex.sty
Package: iftex 2022/02/03 v1.0f TeX engine tests
))
\Gm@cnth=\count270
\Gm@cntv=\count271
\c@Gm@tempcnt=\count272
\Gm@bindingoffset=\dimen142
\Gm@wd@mp=\dimen143
\Gm@odd@mp=\dimen144
\Gm@even@mp=\dimen145
\Gm@layoutwidth=\dimen146
\Gm@layoutheight=\dimen147
\Gm@layouthoffset=\dimen148
\Gm@layoutvoffset=\dimen149
\Gm@dimlist=\toks18
) (/Users/gabrieltehozol/Library/TinyTeX/texmf-dist/tex/generic/babel/babel.sty
Package: babel 2024/10/20 v24.12 The multilingual framework for pdfLaTeX, LuaLaTeX and XeLaTeX
\babel@savecnt=\count273
\U@D=\dimen150
\l@unhyphenated=\language5
 (/Users/gabrieltehozol/Library/TinyTeX/texmf-dist/tex/generic/babel/txtbabel.def)
\bbl@readstream=\read2
\bbl@dirlevel=\count274
 (/Users/gabrieltehozol/Library/TinyTeX/texmf-dist/tex/generic/babel-spanish/spanish.ldf
Language: spanish.ldf 2021/05/27 v5.0q Spanish support from the babel system


Package babel Warning: No hyphenation patterns were preloaded for
(babel)                the language 'Spanish' into the format.
(babel)                Please, configure your TeX system to add them and
(babel)                rebuild the format. Now I will use the patterns
(babel)                preloaded for \language=0 instead on input line 51.

Package babel Info: Hyphen rules for 'spanish' set to \l@english
(babel)             (\language0). Reported on input line 52.
\es@quottoks=\toks19
\es@quotdepth=\count275
Package babel Info: Making " an active character on input line 570.
Package babel Info: Making . an active character on input line 675.
Package babel Info: Making < an active character on input line 722.
Package babel Info: Making > an active character on input line 722.
)) (/Users/gabrieltehozol/Library/TinyTeX/texmf-dist/tex/generic/babel/locale/es/babel-spanish.tex
Package babel Info: Importing font and identification data for spanish
(babel)             from babel-es.ini. Reported on input line 11.
) (/Users/gabrieltehozol/Library/TinyTeX/texmf-dist/tex/latex/base/inputenc.sty
Package: inputenc 2024/02/08 v1.3d Input encoding file
\inpenc@prehook=\toks20
\inpenc@posthook=\toks21
) (/Users/gabrieltehozol/Library/TinyTeX/texmf-dist/tex/latex/base/fontenc.sty
Package: fontenc 2021/04/29 v2.0v Standard LaTeX package
) (/Users/gabrieltehozol/Library/TinyTeX/texmf-dist/tex/latex/amsmath/amsmath.sty
Package: amsmath 2024/11/05 v2.17t AMS math features
\@mathmargin=\skip51

For additional information on amsmath, use the `?' option.
(/Users/gabrieltehozol/Library/TinyTeX/texmf-dist/tex/latex/amsmath/amstext.sty
Package: amstext 2021/08/26 v2.01 AMS text
 (/Users/gabrieltehozol/Library/TinyTeX/texmf-dist/tex/latex/amsmath/amsgen.sty
File: amsgen.sty 1999/11/30 v2.0 generic functions
\@emptytoks=\toks22
\ex@=\dimen151
)) (/Users/gabrieltehozol/Library/TinyTeX/texmf-dist/tex/latex/amsmath/amsbsy.sty
Package: amsbsy 1999/11/29 v1.2d Bold Symbols
\pmbraise@=\dimen152
) (/Users/gabrieltehozol/Library/TinyTeX/texmf-dist/tex/latex/amsmath/amsopn.sty
Package: amsopn 2022/04/08 v2.04 operator names
)
\inf@bad=\count276
LaTeX Info: Redefining \frac on input line 233.
\uproot@=\count277
\leftroot@=\count278
LaTeX Info: Redefining \overline on input line 398.
LaTeX Info: Redefining \colon on input line 409.
\classnum@=\count279
\DOTSCASE@=\count280
LaTeX Info: Redefining \ldots on input line 495.
LaTeX Info: Redefining \dots on input line 498.
LaTeX Info: Redefining \cdots on input line 619.
\Mathstrutbox@=\box52
\strutbox@=\box53
LaTeX Info: Redefining \big on input line 721.
LaTeX Info: Redefining \Big on input line 722.
LaTeX Info: Redefining \bigg on input line 723.
LaTeX Info: Redefining \Bigg on input line 724.
\big@size=\dimen153
LaTeX Font Info:    Redeclaring font encoding OML on input line 742.
LaTeX Font Info:    Redeclaring font encoding OMS on input line 743.
\macc@depth=\count281
LaTeX Info: Redefining \bmod on input line 904.
LaTeX Info: Redefining \pmod on input line 909.
LaTeX Info: Redefining \smash on input line 939.
LaTeX Info: Redefining \relbar on input line 969.
LaTeX Info: Redefining \Relbar on input line 970.
\c@MaxMatrixCols=\count282
\dotsspace@=\muskip17
\c@parentequation=\count283
\dspbrk@lvl=\count284
\tag@help=\toks23
\row@=\count285
\column@=\count286
\maxfields@=\count287
\andhelp@=\toks24
\eqnshift@=\dimen154
\alignsep@=\dimen155
\tagshift@=\dimen156
\tagwidth@=\dimen157
\totwidth@=\dimen158
\lineht@=\dimen159
\@envbody=\toks25
\multlinegap=\skip52
\multlinetaggap=\skip53
\mathdisplay@stack=\toks26
LaTeX Info: Redefining \[ on input line 2953.
LaTeX Info: Redefining \] on input line 2954.
) (/Users/gabrieltehozol/Library/TinyTeX/texmf-dist/tex/latex/amsfonts/amssymb.sty
Package: amssymb 2013/01/14 v3.01 AMS font symbols
 (/Users/gabrieltehozol/Library/TinyTeX/texmf-dist/tex/latex/amsfonts/amsfonts.sty
Package: amsfonts 2013/01/14 v3.01 Basic AMSFonts support
\symAMSa=\mathgroup4
\symAMSb=\mathgroup5
LaTeX Font Info:    Redeclaring math symbol \hbar on input line 98.
LaTeX Font Info:    Overwriting math alphabet `\mathfrak' in version `bold'
(Font)                  U/euf/m/n --> U/euf/b/n on input line 106.
)) (/Users/gabrieltehozol/Library/TinyTeX/texmf-dist/tex/latex/mathtools/mathtools.sty
Package: mathtools 2024/10/04 v1.31 mathematical typesetting tools
 (/Users/gabrieltehozol/Library/TinyTeX/texmf-dist/tex/latex/tools/calc.sty
Package: calc 2023/07/08 v4.3 Infix arithmetic (KKT,FJ)
\calc@Acount=\count288
\calc@Bcount=\count289
\calc@Adimen=\dimen160
\calc@Bdimen=\dimen161
\calc@Askip=\skip54
\calc@Bskip=\skip55
LaTeX Info: Redefining \setlength on input line 80.
LaTeX Info: Redefining \addtolength on input line 81.
\calc@Ccount=\count290
\calc@Cskip=\skip56
) (/Users/gabrieltehozol/Library/TinyTeX/texmf-dist/tex/latex/mathtools/mhsetup.sty
Package: mhsetup 2021/03/18 v1.4 programming setup (MH)
)
\g_MT_multlinerow_int=\count291
\l_MT_multwidth_dim=\dimen162
\origjot=\skip57
\l_MT_shortvdotswithinadjustabove_dim=\dimen163
\l_MT_shortvdotswithinadjustbelow_dim=\dimen164
\l_MT_above_intertext_sep=\dimen165
\l_MT_below_intertext_sep=\dimen166
\l_MT_above_shortintertext_sep=\dimen167
\l_MT_below_shortintertext_sep=\dimen168
\xmathstrut@box=\box54
\xmathstrut@dim=\dimen169
) (/Users/gabrieltehozol/Library/TinyTeX/texmf-dist/tex/latex/graphics/graphicx.sty
Package: graphicx 2021/09/16 v1.2d Enhanced LaTeX Graphics (DPC,SPQR)
 (/Users/gabrieltehozol/Library/TinyTeX/texmf-dist/tex/latex/graphics/graphics.sty
Package: graphics 2024/08/06 v1.4g Standard LaTeX Graphics (DPC,SPQR)
 (/Users/gabrieltehozol/Library/TinyTeX/texmf-dist/tex/latex/graphics/trig.sty
Package: trig 2023/12/02 v1.11 sin cos tan (DPC)
) (/Users/gabrieltehozol/Library/TinyTeX/texmf-dist/tex/latex/graphics-cfg/graphics.cfg
File: graphics.cfg 2016/06/04 v1.11 sample graphics configuration
)
Package graphics Info: Driver file: pdftex.def on input line 106.
 (/Users/gabrieltehozol/Library/TinyTeX/texmf-dist/tex/latex/graphics-def/pdftex.def
File: pdftex.def 2024/04/13 v1.2c Graphics/color driver for pdftex
))
\Gin@req@height=\dimen170
\Gin@req@width=\dimen171
) (/Users/gabrieltehozol/Library/TinyTeX/texmf-dist/tex/latex/float/float.sty
Package: float 2001/11/08 v1.3d Float enhancements (AL)
\c@float@type=\count292
\float@exts=\toks27
\float@box=\box55
\@float@everytoks=\toks28
\@floatcapt=\box56
) (/Users/gabrieltehozol/Library/TinyTeX/texmf-dist/tex/latex/tools/tabularx.sty
Package: tabularx 2023/12/11 v2.12a `tabularx' package (DPC)
 (/Users/gabrieltehozol/Library/TinyTeX/texmf-dist/tex/latex/tools/array.sty
Package: array 2024/10/17 v2.6g Tabular extension package (FMi)
\col@sep=\dimen172
\ar@mcellbox=\box57
\extrarowheight=\dimen173
\NC@list=\toks29
\extratabsurround=\skip58
\backup@length=\skip59
\ar@cellbox=\box58
)
\TX@col@width=\dimen174
\TX@old@table=\dimen175
\TX@old@col=\dimen176
\TX@target=\dimen177
\TX@delta=\dimen178
\TX@cols=\count293
\TX@ftn=\toks30
) (/Users/gabrieltehozol/Library/TinyTeX/texmf-dist/tex/latex/l3backend/l3backend-pdftex.def
File: l3backend-pdftex.def 2024-05-08 L3 backend support: PDF output (pdfTeX)
\l__color_backend_stack_int=\count294
\l__pdf_internal_box=\box59
) (./main.aux
LaTeX Info: Redefining \. on input line 8.
LaTeX Info: Redefining \% on input line 8.


LaTeX Warning: Label `eq:produccion_log' multiply defined.

)
\openout1 = `main.aux'.

LaTeX Font Info:    Checking defaults for OML/cmm/m/it on input line 28.
LaTeX Font Info:    ... okay on input line 28.
LaTeX Font Info:    Checking defaults for OMS/cmsy/m/n on input line 28.
LaTeX Font Info:    ... okay on input line 28.
LaTeX Font Info:    Checking defaults for OT1/cmr/m/n on input line 28.
LaTeX Font Info:    ... okay on input line 28.
LaTeX Font Info:    Checking defaults for T1/cmr/m/n on input line 28.
LaTeX Font Info:    ... okay on input line 28.
LaTeX Font Info:    Checking defaults for TS1/cmr/m/n on input line 28.
LaTeX Font Info:    ... okay on input line 28.
LaTeX Font Info:    Checking defaults for OMX/cmex/m/n on input line 28.
LaTeX Font Info:    ... okay on input line 28.
LaTeX Font Info:    Checking defaults for U/cmr/m/n on input line 28.
LaTeX Font Info:    ... okay on input line 28.

*geometry* driver: auto-detecting
*geometry* detected driver: pdftex
*geometry* verbose mode - [ preamble ] result:
* driver: pdftex
* paper: <default>
* layout: <same size as paper>
* layoutoffset:(h,v)=(0.0pt,0.0pt)
* modes: 
* h-part:(L,W,R)=(72.26999pt, 469.75502pt, 72.26999pt)
* v-part:(T,H,B)=(72.26999pt, 650.43001pt, 72.26999pt)
* \paperwidth=614.295pt
* \paperheight=794.96999pt
* \textwidth=469.75502pt
* \textheight=650.43001pt
* \oddsidemargin=0.0pt
* \evensidemargin=0.0pt
* \topmargin=-37.0pt
* \headheight=12.0pt
* \headsep=25.0pt
* \topskip=12.0pt
* \footskip=30.0pt
* \marginparwidth=44.0pt
* \marginparsep=10.0pt
* \columnsep=10.0pt
* \skip\footins=10.8pt plus 4.0pt minus 2.0pt
* \hoffset=0.0pt
* \voffset=0.0pt
* \mag=1000
* \@twocolumnfalse
* \@twosidefalse
* \@mparswitchfalse
* \@reversemarginfalse
* (1in=72.27pt=25.4mm, 1cm=28.453pt)

LaTeX Info: Redefining \. on input line 28.
LaTeX Info: Redefining \% on input line 28.
(/Users/gabrieltehozol/Library/TinyTeX/texmf-dist/tex/latex/epstopdf-pkg/epstopdf-base.sty
Package: epstopdf-base 2020-01-24 v2.11 Base part for package epstopdf
Package epstopdf-base Info: Redefining graphics rule for `.eps' on input line 485.
 (/Users/gabrieltehozol/Library/TinyTeX/texmf-dist/tex/latex/latexconfig/epstopdf-sys.cfg
File: epstopdf-sys.cfg 2010/07/13 v1.3 Configuration of (r)epstopdf for TeX Live
))
LaTeX Font Info:    Trying to load font information for U+msa on input line 30.
 (/Users/gabrieltehozol/Library/TinyTeX/texmf-dist/tex/latex/amsfonts/umsa.fd
File: umsa.fd 2013/01/14 v3.01 AMS symbols A
)
LaTeX Font Info:    Trying to load font information for U+msb on input line 30.
 (/Users/gabrieltehozol/Library/TinyTeX/texmf-dist/tex/latex/amsfonts/umsb.fd
File: umsb.fd 2013/01/14 v3.01 AMS symbols B
)

[1

{/Users/gabrieltehozol/Library/TinyTeX/texmf-var/fonts/map/pdftex/updmap/pdftex.map}]

[2]

[3]

[4]

[5]

[6]

[7]

[8]

[9]

[10]
Overfull \hbox (1.53812pt too wide) in paragraph at lines 673--674
 \T1/cmr/bx/n/12 Parámet-ros:[] \T1/cmr/m/n/12 Para may-or clar-i-dad, pre-sen-ta-mos los parámet-ros que apare-cen en la ecuación
 []



[11]

[12]

[13]

[14]

[15]

[16]

[17]

[18]
<ecu8_Q_vs_gc.png, id=74, 361.35pt x 252.945pt>
File: ecu8_Q_vs_gc.png Graphic file (type png)
<use ecu8_Q_vs_gc.png>
Package pdftex.def Info: ecu8_Q_vs_gc.png  used on input line 1262.
(pdftex.def)             Requested size: 328.82707pt x 230.18031pt.
<ecu8_Q_vs_gz.png, id=76, 361.35pt x 252.945pt>
File: ecu8_Q_vs_gz.png Graphic file (type png)
<use ecu8_Q_vs_gz.png>
Package pdftex.def Info: ecu8_Q_vs_gz.png  used on input line 1282.
(pdftex.def)             Requested size: 328.82707pt x 230.18031pt.


[19 <./ecu8_Q_vs_gc.png>]
<ecu8_Q_vs_pi.png, id=88, 361.35pt x 252.945pt>
File: ecu8_Q_vs_pi.png Graphic file (type png)
<use ecu8_Q_vs_pi.png>
Package pdftex.def Info: ecu8_Q_vs_pi.png  used on input line 1297.
(pdftex.def)             Requested size: 328.82707pt x 230.18031pt.


[20 <./ecu8_Q_vs_gz.png> <./ecu8_Q_vs_pi.png>]
Underfull \hbox (badness 1270) in paragraph at lines 1349--1349
[]|\T1/cmr/m/n/10.95 Curvatura de la util-i-dad del
 []


Underfull \hbox (badness 1210) in paragraph at lines 1350--1350
[]|\T1/cmr/m/n/10.95 Parámetro de desu-til-i-dad del
 []



[21]

[22]
<ls_n_vs_w.pdf, id=102, 433.62pt x 289.08pt>
File: ls_n_vs_w.pdf Graphic file (type pdf)
<use ls_n_vs_w.pdf>
Package pdftex.def Info: ls_n_vs_w.pdf  used on input line 1498.
(pdftex.def)             Requested size: 328.82707pt x 219.22668pt.


LaTeX Warning: `!h' float specifier changed to `!ht'.



[23]
<ls_shift_c.pdf, id=106, 433.62pt x 289.08pt>
File: ls_shift_c.pdf Graphic file (type pdf)
<use ls_shift_c.pdf>
Package pdftex.def Info: ls_shift_c.pdf  used on input line 1529.
(pdftex.def)             Requested size: 328.82707pt x 219.22668pt.


[24 <./ls_n_vs_w.pdf> <./ls_shift_c.pdf>]
<ls_phi_pendiente.pdf, id=213, 433.62pt x 289.08pt>
File: ls_phi_pendiente.pdf Graphic file (type pdf)
<use ls_phi_pendiente.pdf>
Package pdftex.def Info: ls_phi_pendiente.pdf  used on input line 1558.
(pdftex.def)             Requested size: 328.82707pt x 219.22668pt.


[25 <./ls_phi_pendiente.pdf>]

[26]

[27]

[28]

[29]
Overfull \hbox (90.92285pt too wide) detected at line 1973
[] \OT1/cmr/m/n/12 = [] \OMS/cmsy/m/n/12 ^^@ []\OML/cmm/m/it/12 :
 []



[30]

[31]

[32]

[33]

[34]

[35]

[36]

[37]

[38]

[39]

[40]

[41]

[42]

[43]

[44]

[45]

[46]

[47]

[48]

[49]

[50]

[51]

[52]

[53]

[54]

[55]

[56]
Underfull \hbox (badness 5548) in paragraph at lines 3803--3804
[]|\T1/cmr/m/n/12 Nivel de con-sumo to-tal
 []



[57]

[58]

[59]
Underfull \hbox (badness 10000) in paragraph at lines 4019--4020
[]|\T1/cmr/m/n/12 Afecta la desu-til-i-dad
 []


Underfull \hbox (badness 1852) in paragraph at lines 4022--4023
\T1/cmr/m/n/12 marginal del con-sumo al
 []



[60]

[61]

[62]
Underfull \hbox (badness 4013) in paragraph at lines 4196--4197
[]|\T1/cmr/m/n/12 Corrige la tasa nom-i-nal
 []


Underfull \hbox (badness 1132) in paragraph at lines 4202--4203
\T1/cmr/m/n/12 hog-ar (tasa de de-s-cuen-to
 []


Underfull \hbox (badness 2205) in paragraph at lines 4205--4206
\T1/cmr/m/n/12 tertem-po-rales (choque de
 []



[63]

[64]

[65]

[66]

[67]

[68]
Underfull \hbox (badness 3138) in paragraph at lines 4587--4588
[]|\T1/cmr/m/n/12 Multiplicador de pro-duc-
 []


Underfull \hbox (badness 3601) in paragraph at lines 4593--4594
[]|\T1/cmr/m/n/12 Mide la per-sis-ten-cia del
 []



[69]

[70]

[71]

[72]

[73]
<inflacion_vs_precio_optimo_eq7.png, id=426, 433.62pt x 330.2739pt>
File: inflacion_vs_precio_optimo_eq7.png Graphic file (type png)
<use inflacion_vs_precio_optimo_eq7.png>
Package pdftex.def Info: inflacion_vs_precio_optimo_eq7.png  used on input line 4888.
(pdftex.def)             Requested size: 328.82707pt x 250.46648pt.


[74 <./inflacion_vs_precio_optimo_eq7.png>]
Underfull \hbox (badness 3138) in paragraph at lines 4922--4923
[]|\T1/cmr/m/n/12 Variación log-a-rít-mi-ca del
 []


Underfull \hbox (badness 3417) in paragraph at lines 4925--4926
\T1/cmr/m/n/12 de em-pre-sas que re-op-ti-
 []



[75]

[76]
<inflacion_vs_gap_precios_eq8.png, id=438, 425.1885pt x 331.9602pt>
File: inflacion_vs_gap_precios_eq8.png Graphic file (type png)
<use inflacion_vs_gap_precios_eq8.png>
Package pdftex.def Info: inflacion_vs_gap_precios_eq8.png  used on input line 5097.
(pdftex.def)             Requested size: 328.82707pt x 256.74477pt.


[77]
Underfull \hbox (badness 2894) in paragraph at lines 5128--5129
[]|\T1/cmr/m/n/12 Cantidad de-man-da-da del
 []


Underfull \hbox (badness 2435) in paragraph at lines 5133--5134
[]|\T1/cmr/m/n/12 Índice de pre-cios agre-ga-do de la
 []


Underfull \hbox (badness 1303) in paragraph at lines 5134--5135
[]|\T1/cmr/m/n/12 Referencia para el pre-cio
 []


Underfull \hbox (badness 1888) in paragraph at lines 5140--5141
[]|\T1/cmr/m/n/12 Determina la sen-si-bil-i-dad
 []



[78 <./inflacion_vs_gap_precios_eq8.png>]

[79]

[80]
Underfull \hbox (badness 10000) in paragraph at lines 5280--5281
[]|\T1/cmr/m/n/12 Costo de pro-ducir una
 []


Underfull \hbox (badness 2435) in paragraph at lines 5282--5283
[]|\T1/cmr/m/n/12 Índice de pre-cios agre-ga-do de la
 []


Underfull \hbox (badness 6461) in paragraph at lines 5283--5284
[]|\T1/cmr/m/n/12 Deflactor de mag-ni-tudes
 []


Underfull \hbox (badness 10000) in paragraph at lines 5285--5286
[]|\T1/cmr/m/n/12 Factor es-tocás-ti-co de de-s-cuen-to:
 []


Underfull \hbox (badness 10000) in paragraph at lines 5286--5287
[]|\T1/cmr/m/n/12 Convierte mag-ni-tudes
 []


Underfull \hbox (badness 10000) in paragraph at lines 5286--5287
\T1/cmr/m/n/12 reales fu-turas en val-or
 []


Underfull \hbox (badness 1460) in paragraph at lines 5291--5292
[]|\T1/cmr/m/n/12 Markup de-sea-do ba-jo com-pe-ten-cia
 []



[81]

[82]

[83]

[84]

[85]

[86]

[87]
Underfull \hbox (badness 1496) in paragraph at lines 5729--5730
\T1/cmr/m/n/12 ar rep-re-sen-ta-ti-vo en el pe-ri-o-do $\OML/cmm/m/it/12 t$\T1/cmr/m/n/12 ,
 []


Underfull \hbox (badness 1221) in paragraph at lines 5729--5730
\T1/cmr/m/n/12 CES so-bre el vec-tor de con-sumos
 []



[88]

LaTeX Warning: Reference `12.c' on page 89 undefined on input line 5771.



[89]
Underfull \hbox (badness 3668) in paragraph at lines 5881--5882
[]|\T1/cmr/m/n/12 Nivel de de-man-da/oferta
 []


Underfull \hbox (badness 10000) in paragraph at lines 5881--5882
\T1/cmr/m/n/12 agre-ga-da ac-tu-al de la
 []


Underfull \hbox (badness 1168) in paragraph at lines 5887--5888
\T1/cmr/m/n/12 tasa de in-terés re-al rel-e-
 []


Underfull \hbox (badness 1009) in paragraph at lines 5893--5894
[]|\T1/cmr/m/n/12 Nivel de ref-er-en-cia de la
 []


Underfull \hbox (badness 1478) in paragraph at lines 5896--5897
\T1/cmr/m/n/12 con-sumo pre-sente vs. fu-
 []


Underfull \hbox (badness 1888) in paragraph at lines 5902--5903
[]|\T1/cmr/m/n/12 Determina la sen-si-bil-i-dad
 []



[90]

[91]

[92]
Underfull \hbox (badness 2050) in paragraph at lines 6071--6072
[]|\T1/cmr/m/n/12 Logaritmo del niv-el de tec-nología
 []


Underfull \hbox (badness 2318) in paragraph at lines 6075--6075
[]|\T1/cmr/m/n/12 Determina en qué me-di-
 []


Underfull \hbox (badness 1776) in paragraph at lines 6075--6075
\T1/cmr/m/n/12 da cam-bios en el tra-ba-
 []



[93]

[94]

[95]
Underfull \hbox (badness 3612) in paragraph at lines 6253--6253
[]|\T1/cmr/m/n/12 Costo marginal rel-e-vante
 []


Underfull \hbox (badness 10000) in paragraph at lines 6256--6256
[]|\T1/cmr/m/n/12 Referencia agre-ga-da de
 []


Underfull \hbox (badness 10000) in paragraph at lines 6256--6256
\T1/cmr/m/n/12 cos-tos marginales; sirve
 []


Underfull \hbox (badness 10000) in paragraph at lines 6256--6256
\T1/cmr/m/n/12 de ^^Pbench-mark^^Q para
 []


Underfull \hbox (badness 10000) in paragraph at lines 6256--6256
\T1/cmr/m/n/12 com-parar a las fir-mas
 []


Underfull \hbox (badness 4193) in paragraph at lines 6259--6259
[]|\T1/cmr/m/n/12 Insumo tra-ba-jo uti-liza-do
 []


Underfull \hbox (badness 1783) in paragraph at lines 6265--6265
[]|\T1/cmr/m/n/12 Producción in-di-vid-u-al re-
 []


Underfull \hbox (badness 1062) in paragraph at lines 6271--6271
[]|\T1/cmr/m/n/12 Precio nom-i-nal in-di-vid-u-al
 []



[96]

[97]

[98]

[99]
Underfull \hbox (badness 10000) in paragraph at lines 6478--6478
[]|\T1/cmr/m/n/12 Componente \T1/cmr/m/it/12 prospec-ti-vo\T1/cmr/m/n/12 :
 []


Underfull \hbox (badness 10000) in paragraph at lines 6478--6478
\T1/cmr/m/n/12 in-tro-duce la nat-u-raleza
 []


Underfull \hbox (badness 1303) in paragraph at lines 6481--6481
[]|\T1/cmr/m/n/12 Referencia para el pre-cio
 []


Underfull \hbox (badness 10000) in paragraph at lines 6498--6499
[]|\T1/cmr/m/n/12 Traduce la brecha de
 []


Underfull \hbox (badness 3407) in paragraph at lines 6498--6499
\T1/cmr/m/it/12 markup $[]$ \T1/cmr/m/n/12 en una cor-
 []


Underfull \hbox (badness 10000) in paragraph at lines 6498--6499
\T1/cmr/m/n/12 rec-ción so-bre el pre-cio
 []


Underfull \hbox (badness 10000) in paragraph at lines 6498--6499
\T1/cmr/m/n/12 desviación del \T1/cmr/m/it/12 markup
 []



[100]

[101]

[102]

[103]
Underfull \hbox (badness 10000) in paragraph at lines 6689--6689
[]|\T1/cmr/m/n/12 Componente \T1/cmr/m/it/12 prospec-ti-vo\T1/cmr/m/n/12 :
 []


Underfull \hbox (badness 4467) in paragraph at lines 6689--6689
\T1/cmr/m/n/12 recoge el carác-ter ha-cia
 []


Underfull \hbox (badness 1400) in paragraph at lines 6693--6693
[]|\T1/cmr/m/n/12 Mide el mar-gen en-tre el
 []


Underfull \hbox (badness 1033) in paragraph at lines 6724--6725
[]|\T1/cmr/m/n/12 Mide cuán sen-si-ble es la
 []


Underfull \hbox (badness 1325) in paragraph at lines 6724--6725
\T1/cmr/m/n/12 in-flación a la brecha del
 []



[104]

[105]

[106]

[107]

LaTeX Warning: `!h' float specifier changed to `!ht'.



[108]

[109]

[110]
Underfull \hbox (badness 1168) in paragraph at lines 7188--7189
[]|\T1/cmr/m/n/12 Logaritmo del markup de-sea-do o "sin fric-
 []


LaTeX Warning: `!h' float specifier changed to `!ht'.



[111]

[112]

[113]

[114]
Overfull \hbox (6.42587pt too wide) in paragraph at lines 7517--7519
[]\T1/cmr/m/n/12 La Ecuación (21) se ob-tiene re-stando la relación del markup ba-jo pre-cios flex-i-bles (Ecuación
 []



[115]

LaTeX Warning: `!h' float specifier changed to `!ht'.



[116]

[117]

[118]

[119]

[120]

[121]
Underfull \hbox (badness 3364) in paragraph at lines 8161--8162
[]|\T1/cmr/m/n/12 Coeficiente AR(1) del pro-ce-so tec-nológi-co
 []



[122]
Overfull \hbox (4.14525pt too wide) in paragraph at lines 8227--8229
[]\T1/cmr/bx/n/12 Dinámica del Out-put Nat-u-ral. \T1/cmr/m/n/12 El Niv-el Nat-u-ral de Out-put viene da-do por (Ecuación
 []



[123]
Underfull \hbox (badness 3364) in paragraph at lines 8379--8380
[]|\T1/cmr/m/n/12 Coeficiente AR(1) del pro-ce-so tec-nológi-co
 []



[124]
Overfull \hbox (4.14525pt too wide) in paragraph at lines 8445--8447
[]\T1/cmr/bx/n/12 Dinámica del Out-put Nat-u-ral. \T1/cmr/m/n/12 El Niv-el Nat-u-ral de Out-put viene da-do por (Ecuación
 []



[125]

[126]
Overfull \hbox (10.69766pt too wide) in paragraph at lines 8676--8678
 \T1/cmr/bx/n/12 3. Condi-ción ter-mi-nal.[] \T1/cmr/m/n/12 Suponien-do que los efec-tos de las fric-ciones nom-i-nales se desvanecen
 []



[127]
Underfull \hbox (badness 1221) in paragraph at lines 8785--8787
[]|\T1/cmr/m/n/12 Shock exógeno de políti-ca mon-e-taria, típi-
 []


LaTeX Warning: `!h' float specifier changed to `!ht'.



[128]

[129]

[130]
Underfull \hbox (badness 1028) in paragraph at lines 8997--8998
[]|\T1/cmr/m/n/12 Vector de co-e-fi-cientes que mide có-mo los
 []


Underfull \hbox (badness 10000) in paragraph at lines 9000--9000
[]|\T1/cmr/m/n/12 Escalar (shocks
 []



[131]

[132]

[133]

[134]

[135]
Underfull \hbox (badness 1365) in paragraph at lines 9498--9500
[]|\T1/cmr/m/n/12 Coeficiente com-puesto pos-i-ti-vo que recoge
 []


LaTeX Warning: `!h' float specifier changed to `!ht'.



[136]

[137]

[138]

[139] (./main.aux
LaTeX Info: Redefining \. on input line 8.
LaTeX Info: Redefining \% on input line 8.
)
 ***********
LaTeX2e <2024-11-01>
L3 programming layer <2024-11-02>
 ***********


LaTeX Warning: There were undefined references.


LaTeX Warning: There were multiply-defined labels.

 ) 
Here is how much of TeX's memory you used:
 5623 strings out of 475322
 90039 string characters out of 5769397
 503321 words of memory out of 5000000
 28399 multiletter control sequences out of 15000+600000
 585680 words of font info for 105 fonts, out of 8000000 for 9000
 14 hyphenation exceptions out of 8191
 57i,17n,65p,641b,365s stack positions out of 10000i,1000n,20000p,200000b,200000s
 </Users/gabrieltehozol/Library/TinyTeX/texmf-var/fonts/pk/ljfour/jknappen/ec/ecbi1440.600pk> </Users/gabrieltehozol/Library/TinyTeX/texmf-var/fonts/pk/ljfour/jknappen/ec/ecbi1200.600pk> </Users/gabrieltehozol/Library/TinyTeX/texmf-var/fonts/pk/ljfour/jknappen/ec/ectt1200.600pk> </Users/gabrieltehozol/Library/TinyTeX/texmf-var/fonts/pk/ljfour/jknappen/ec/ecbx1728.600pk> </Users/gabrieltehozol/Library/TinyTeX/texmf-var/fonts/pk/ljfour/jknappen/ec/ecti1095.600pk> </Users/gabrieltehozol/Library/TinyTeX/texmf-var/fonts/pk/ljfour/jknappen/ec/ecrm1095.600pk> </Users/gabrieltehozol/Library/TinyTeX/texmf-var/fonts/pk/ljfour/jknappen/ec/ecti1000.600pk> </Users/gabrieltehozol/Library/TinyTeX/texmf-var/fonts/pk/ljfour/jknappen/ec/ecrm1000.600pk> </Users/gabrieltehozol/Library/TinyTeX/texmf-var/fonts/pk/ljfour/jknappen/ec/ecrm0700.600pk> </Users/gabrieltehozol/Library/TinyTeX/texmf-var/fonts/pk/ljfour/jknappen/ec/ecrm0800.600pk> </Users/gabrieltehozol/Library/TinyTeX/texmf-var/fonts/pk/ljfour/jknappen/ec/tcrm1200.600pk> </Users/gabrieltehozol/Library/TinyTeX/texmf-var/fonts/pk/ljfour/jknappen/ec/ecbx1200.600pk> </Users/gabrieltehozol/Library/TinyTeX/texmf-var/fonts/pk/ljfour/jknappen/ec/ecti1200.600pk> </Users/gabrieltehozol/Library/TinyTeX/texmf-var/fonts/pk/ljfour/jknappen/ec/ecbx1440.600pk> </Users/gabrieltehozol/Library/TinyTeX/texmf-var/fonts/pk/ljfour/jknappen/ec/ecrm1200.600pk> </Users/gabrieltehozol/Library/TinyTeX/texmf-var/fonts/pk/ljfour/jknappen/ec/ecrm1440.600pk> </Users/gabrieltehozol/Library/TinyTeX/texmf-var/fonts/pk/ljfour/jknappen/ec/ecti2074.600pk> </Users/gabrieltehozol/Library/TinyTeX/texmf-var/fonts/pk/ljfour/jknappen/ec/ecrm2074.600pk></Users/gabrieltehozol/Library/TinyTeX/texmf-dist/fonts/type1/public/amsfonts/cm/cmbx12.pfb></Users/gabrieltehozol/Library/TinyTeX/texmf-dist/fonts/type1/public/amsfonts/cm/cmex10.pfb></Users/gabrieltehozol/Library/TinyTeX/texmf-dist/fonts/type1/public/amsfonts/cm/cmmi10.pfb></Users/gabrieltehozol/Library/TinyTeX/texmf-dist/fonts/type1/public/amsfonts/cm/cmmi12.pfb></Users/gabrieltehozol/Library/TinyTeX/texmf-dist/fonts/type1/public/amsfonts/cm/cmmi6.pfb></Users/gabrieltehozol/Library/TinyTeX/texmf-dist/fonts/type1/public/amsfonts/cm/cmmi7.pfb></Users/gabrieltehozol/Library/TinyTeX/texmf-dist/fonts/type1/public/amsfonts/cm/cmmi8.pfb></Users/gabrieltehozol/Library/TinyTeX/texmf-dist/fonts/type1/public/amsfonts/cm/cmmib10.pfb></Users/gabrieltehozol/Library/TinyTeX/texmf-dist/fonts/type1/public/amsfonts/cmextra/cmmib8.pfb></Users/gabrieltehozol/Library/TinyTeX/texmf-dist/fonts/type1/public/amsfonts/cm/cmr10.pfb></Users/gabrieltehozol/Library/TinyTeX/texmf-dist/fonts/type1/public/amsfonts/cm/cmr12.pfb></Users/gabrieltehozol/Library/TinyTeX/texmf-dist/fonts/type1/public/amsfonts/cm/cmr6.pfb></Users/gabrieltehozol/Library/TinyTeX/texmf-dist/fonts/type1/public/amsfonts/cm/cmr8.pfb></Users/gabrieltehozol/Library/TinyTeX/texmf-dist/fonts/type1/public/amsfonts/cm/cmsy10.pfb></Users/gabrieltehozol/Library/TinyTeX/texmf-dist/fonts/type1/public/amsfonts/cm/cmsy6.pfb></Users/gabrieltehozol/Library/TinyTeX/texmf-dist/fonts/type1/public/amsfonts/cm/cmsy8.pfb>
Output written on main.pdf (139 pages, 1106910 bytes).
PDF statistics:
 1313 PDF objects out of 1440 (max. 8388607)
 460 compressed objects within 5 object streams
 0 named destinations out of 1000 (max. 500000)
 41 words of extra memory for PDF output out of 10000 (max. 10000000)

